1605875623610	geckodriver	INFO	Listening on 127.0.0.1:63614
1605875626664	mozrunner::runner	INFO	Running command: "C:\\P1605875628721	mozrunner::runner	INFO	Running command: "C:\\Program Files\\Mozilla Firefox\\firefox.exe" "--marionette" "-foreground" "-no-remote" "-profile" "C:\\Users\\wt031\\AppData\\Local\\Temp\\rust_mozprofileztJiqk"
Can't find symbol 'eglSwapBuffersWithDamageEXT'.
JavaScript error: resource://gre/modules/XULStore.jsm, line 66: Error: Can't find profile directory.
console.warn: SearchSettings: "get: No settings file exists, new profile?" (new Error("", "(unknown module)"))
1605875633238	Marionette	INFO	Listening on port 63647
1605875633542	Marionette	WARN	TLS certificate errors will be ignored for this session
JavaScript error: https://h5.waimai.meituan.com/waimai/mindex/home line 11 > injectedScript, line 53: TypeError: g is undefined
JavaScript error: , line 0: uncaught exception: undefined
JavaScript error: resource://gre/modules/XULStore.jsm, line 66: Error: Can't find profile directory.
JavaScript error: resource://gre/modules/XULStore.jsm, line 66: Error: Can't find profile directory.
Can't find symbol 'eglSwapBuffersWithDamageEXT'.
JavaScript error: https://h5.waimai.meituan.com/waimai/mindex/home line 11 > injectedScript, line 53: TypeError: g is undefined
JavaScript error: , line 0: uncaught exception: undefined

###!!! [Child][MessageChannel] Error: (msgtype=0x59000A,name=PHttpChannel::Msg_DeletingChannel) Channel closing: too late to send/recv, messages will be lost

1605875812197	Marionette	INFO	Stopped listening on port 63647

###!!! [Child][RunMessage] Error: Channel closing: toCan't find symbol 'eglSwapBuffersWithDamageEXT'.
JavaScript error: resource://gre/modules/XULStore.jsm, line 66: Error: Can't find profile directory.
console.warn: SearchSettings: "get: No settings file exists, new profile?" (new Error("", "(unknown module)"))
1605875814267	Marionette	INFO	Listening on port 64131
1605875814663	Marionette	WARN	TLS certificate errors will be ignored for this session
JavaScript error: https://h5.waimai.meituan.com/waimai/mindex/home line 11 > injectedScript, line 53: TypeError: g is undefined
JavaScript error: resource://gre/modules/XULStore.jsm, line 66: Error: Can't find profile directory.
JavaScript error: resource://gre/modules/XULStore.jsm, line 66: Error: Can't find profile directory.
Can't find symbol 'eglSwapBuffersWithDamageEXT'.
JavaScript error: https://h5.waimai.meituan.com/waimai/mindex/home line 11 > injectedScript, line 53: TypeError: g is undefined
JavaScript error: , line 0: uncaught exception: undefined
1605875856941	Marionette	INFO	Stopped listening on port 64131

###!!! [Child][RunMessage] Error: Channel closing: too late to send/recv, messages will be lost


###!!! [Child][MessageChannel::SendAndWait] Error: Channel error: cannot send/recv

1605875865962	geckodriver	INFO	Listening on 127.0.0.1:64298
1605875869013	mozrunner::runner	INFO	Running command: "C:\\Program Files\\Mozilla Firefox\\firefox.exe" "--marionette" "-foreground" "-no-remote" "-profile" "C:\\Users\\wt031\\AppData\\Local\\Temp\\rust_mozprofiley0RNMO"
Can't find symbol 'eglSwapBuffersWithDamageEXT'.
JavaScript error: resource://gre/modules/XULStore.jsm, line 66: Error: Can't find profile directory.
console.warn: SearchSettings: "get: No settings file exists, new profile?" (new Error("", "(unknown module)"))
1605875870968	Marionette	INFO	Listening on port 64306
1605875871075	Marionette	WARN	TLS certificate errors will be ignored for this session
JavaScript error: https://h5.waimai.meituan.com/waimai/mindex/home line 11 > injectedScript, line 53: TypeError: g is undefined
JavaScript error: resource://gre/modules/XULStore.jsm, line 66: Error: Can't find profile directory.
JavaScript error: resource://gre/modules/XULStore.jsm, line 66: Error: Can't find profile directory.
Can't find symbol 'eglSwapBuffersWithDamageEXT'.
JavaScript error: https://h5.waimai.meituan.com/waimai/mindex/home line 11 > injectedScript, line 53: TypeError: g is undefined
1605875935282	geckodriver	INFO	Listening on 127.0.0.1:64455
1605875938340	mozrunner::runner	INFO	Running command: "C:\\Program Files\\Mozilla Firefox\\firefox.exe" "--marionette" "-foreground" "-no-remote" "-profile" "C:\\Users\\wt031\\AppData\\Local\\Temp\\rust_mozprofileu3IqtO"
Can't find symbol 'eglSwapBuffersWithDamageEXT'.
JavaScript error: resource://gre/modules/XULStore.jsm, line 66: Error: Can't find profile directory.
console.warn: SearchSettings: "get: No settings file exists, new profile?" (new Error("", "(unknown module)"))
1605875940479	Marionette	INFO	Listening on port 64463
1605875940507	Marionette	WARN	TLS certificate errors will be ignored for this session
JavaScript error: https://h5.waimai.meituan.com/waimai/mindex/home line 11 > injectedScript, line 53: TypeError: g is undefined
JavaScript error: , line 0: uncaught exception: undefined
JavaScript error: resource://gre/modules/XULStore.jsm, line 66: Error: Can't find profile directory.
JavaScript error: resource://gre/modules/XULStore.jsm, line 66: Error: Can't find profile directory.
Can't find symbol 'eglSwapBuffersWithDamageEXT'.
JavaScript error: https://h5.waimai.meituan.com/waimai/mindex/home line 11 > injectedScript, line 53: TypeError: g is undefined
JavaScript error: , line 0: uncaught exception: undefined
1605876001051	geckodriver	INFO	Listening on 127.0.0.1:64627
1605876004133	mozrunner::runner	INFO	Running command: "C:\\Program Files\\Mozilla Firefox\\firefox.exe" "--marionette" "-foreground" "-no-remote" "-profile" "C:\\Users\\wt031\\AppData\\Local\\Temp\\rust_mozprofile0bDOX8"
Can't find symbol 'eglSwapBuffersWithDamageEXT'.
JavaScript error: resource://gre/modules/XULStore.jsm, line 66: Error: Can't find profile directory.
console.warn: SearchSettings: "get: No settings file exists, new profile?" (new Error("", "(unknown module)"))
1605876006414	Marionette	INFO	Listening on port 64635
1605876006808	Marionette	WARN	TLS certificate errors will be ignored for this session
JavaScript error: https://h5.waimai.meituan.com/waimai/mindex/home line 11 > injectedScript, line 53: TypeError: g is undefined
JavaScript error: , line 0: uncaught exception: undefined
JavaScript error: resource://gre/modules/XULStore.jsm, line 66: Error: Can't find profile directory.
JavaScript error: resource://gre/modules/XULStore.jsm, line 66: Error: Can't find profile directory.
Can't find symbol 'eglSwapBuffersWithDamageEXT'.
JavaScript error: https://h5.waimai.meituan.com/waimai/mindex/home line 11 > injectedScript, line 53: TypeError: g is undefined
JavaScript error: , line 0: uncaught exception: undefined

###!!! [Parent][RunMessage] Error: Channel closing: too late to send/recv, messages will be lost


###!!! [Parent][RunMessage] Error: Channel closing: too late to send/recv, messages will be lost


###!!! [Parent][RunMessage] Error: Channel closing: too late to send/recv, messages will be lost


###!!! [Parent][RunMessage] Error: Channel closing: too late to send/recv, messages will be lost


###!!! [Child][RunMessage] Error: Channel closing: too late to send/recv, messages will be lost

1605876169862	Marionette	INFO	Stopped listening on port 64635

###!!! [Child][RunMessage] Error: Channel closing: too late to send/recv, messages will be lost


###!!! [Child][MessageChannel::SendAndWait] Error: Channel error: cannot send/recv

urce://gre/modules/XULStore.jsm, line 66: Error: Can't find profile directory.
console.warn: SearchSettings: "get: No settings file exists, new profile?" (new Error("", "(unknown module)"))
1605876166572	Marionette	INFO	Listening on port 64872
1605876166945	Marionette	WARN	TLS certificate errors will be ignored for this session
JavaScript error: https://h5.waimai.meituan.com/waimai/mindex/home line 11 > injectedScript, line 53: TypeError: g is undefined
JavaScript error: , line 0: uncaught exception: undefined
JavaScript error: resource://gre/modules/XULStore.jsm, line 66: Error: Can't find profile directory.
JavaScript error: resource://gre/modules/XULStore.jsm, line 66: Error: Can't find profile directory.
Can't find symbol 'eglSwapBuffersWithDamageEXT'.
1605876184494	geckodriver	INFO	Listening on 127.0.0.1:65000
1605876187544	mozrunner::runner	INFO	Running command: "C:\\Program Files\\Mozilla Firefox\\firefox.exe" "--marionette" "-foreground" "-no-remote" "-profile" "C:\\Users\\wt031\\AppData\\Local\\Temp\\rust_mozprofileBL1uZl"
Can't find symbol 'eglSwapBuffersWithDamageEXT'.
JavaScript error: resource://gre/modules/XULStore.jsm, line 66: Error: Can't find profile directory.
console.warn: SearchSettings: "get: No settings file exists, new profile?" (new Error("", "(unknown module)"))
1605876190692	Marionette	INFO	Listening on port 65008
1605876190748	Marionette	WARN	TLS certificate errors will be ignored for this session
JavaScript error: https://h5.waimai.meituan.com/waimai/mindex/home line 11 > injectedScript, line 53: TypeError: g is undefined
JavaScript error: , line 0: uncaught exception: undefined
JavaScript error: resource://gre/modules/XULStore.jsm, line 66: Error: Can't find profile directory.
JavaScript error: resource://gre/modules/XULStore.jsm, line 66: Error: Can't find profile directory.
Can't find symbol 'eglSwapBuffersWithDamageEXT'.
JavaScript error: resource://gre/actors/AutoCompleteChild.jsm, line 235: Error: Invalid autocomplete selectedIndex
console.error: "Error writing request: getGrids"
JavaScript error: https://h5.waimai.meituan.com/waimai/mindex/home line 11 > injectedScript, line 53: TypeError: g is undefined
console.error: "Error writing request: getGrids"
1605876329595	Marionette	INFO	Stopped listening on port 65008

###!!! [Child][RunMessage] Error: Channel closing: too late to send/recv, messages will be lost


###!!! [Child][MessageChannel::SendAndWait] Error: Channel error: cannot send/recv

Temp\\rust_mozprofileATzWac"
Can't find symbol 'eglSwapBuffersWithDamageEXT'.
JavaScript error: resource://gre/modules/XULStore.jsm, line 66: Error: Can't find profile directory.
console.warn: SearchSettings: "get: No settings file exists, new profile?" (new Error("", "(unknown module)"))
1605876326828	Marionette	INFO	Listening on port 65263
1605876327164	Marionette	WARN	TLS certificate errors will be ignored for this session
JavaScript error: https://h5.waimai.meituan.com/waimai/mindex/home line 11 > injectedScript, line 53: TypeError: g is undefined
JavaScript error: , line 0: uncaught exception: undefined
JavaScript error: resource://gre/modules/XULStore.jsm, line 66: Error: Can't find profile directory.
JavaScript error: resource://gre/modules/XULStore.jsm, line 66: Error: Can't find profile directory.
Can't find symbol 'eglSwapBuffersWithDamageEXT'.
JavaScript error: https://h5.waimai.meituan.com/waimai/mindex/home line 11 > injectedScript, line 53: TypeError: g is undefined
1605876384391	geckodriver	INFO	Listening on 127.0.0.1:65425
1605876387444	mozrunner::runner	INFO	Running command: "C:\\Program Files\\Mozilla Firefox\\firefox.exe" "--marionette" "-foreground" "-no-remote" "-profile" "C:\\Users\\wt031\\AppData\\Local\\Temp\\rust_mozprofilevMlPg1"
Can't find symbol 'eglSwapBuffersWithDamageEXT'.
JavaScript error: resource://gre/modules/XULStore.jsm, line 66: Error: Can't find profile directory.
console.warn: SearchSettings: "get: No settings file exists, new profile?" (new Error("", "(unknown module)"))
1605876390094	Marionette	INFO	Listening on port 65435
1605876390624	Marionette	WARN	TLS certificate errors will be ignored for this session
JavaScript error: https://h5.waimai.meituan.com/waimai/mindex/home line 11 > injectedScript, line 53: TypeError: g is undefined
JavaScript error: resource://gre/modules/XULStore.jsm, line 66: Error: Can't find profile directory.
JavaScript error: resource://gre/modules/XULStore.jsm, line 66: Error: Can't find profile directory.
Can't find symbol 'eglSwapBuffersWithDamageEXT'.
console.log: "getSources failed. Connection may have closed: Error: Connection closed, pending request to server0.conn0.child2/thread21, type sources failed\n\nRequest stack:\nrequest@resource://devtools/shared/protocol/Front.js:274:14\ngenerateRequestMethods/</frontProto[name]@resource://devtools/shared/protocol/Front/FrontClassWithSpec.js:46:19\ngetSources@resource://devtools/client/fronts/thread.js:188:34\n_ensureAllSourcesPopulated/<@resource://devtools/client/framework/source-map-url-service.js:454:53\n_ensureAllSourcesPopulated/sourcesLoading<@resource://devtools/client/framework/source-map-url-service.js:465:13\n_ensureAllSourcesPopulated@resource://devtools/client/framework/source-map-url-service.js:467:9\nsubscribeByID@resource://devtools/client/framework/source-map-url-service.js:73:10\nupdateSourceLink@resource://devtools/client/inspector/rules/views/rule-editor.js:350:61\n_create@resource://devtools/client/inspector/rules/views/rule-editor.js:135:10\nRuleEditor@resource://devtools/client/inspector/rules/views/rule-editor.js:79:8\n_createEditors@resource://devtools/client/inspector/rules/rules.js:1279:23\n_populate/<@resource://devtools/client/inspector/rules/rules.js:1059:37\n"
console.warn: "fetching stylesheets failed" (new Error("Connection closed, pending request to server0.conn0.child2/styleSheetsActor4, type getStyleSheets failed\n\nRequest stack:\nrequest@resource://devtools/shared/protocol/Front.js:274:14\ngenerateRequestMethods/</frontProto[name]@resource://devtools/shared/protocol/Front/FrontClassWithSpec.js:46:19\nmodule.exports@resource://devtools/shared/resources/legacy-listeners/stylesheet.js:97:48\n", "resource://devtools/shared/protocol/Front.js", 98))
console.error: "Exception while getting unique selector" (new Error("Connection closed, pending request to server0.conn0.child2/domnode30, type getUniqueSelector failed\n\nRequest stack:\nrequest@resource://devtools/shared/protocol/Front.js:274:14\ngenerateRequestMethods/</frontProto[name]@resource://devtools/shared/protocol/Front/FrontClassWithSpec.js:46:19\n_create/<@resource://devtools/client/inspector/rules/views/rule-editor.js:172:48\n_create@resource://devtools/client/inspector/rules/views/rule-editor.js:188:20\nRuleEditor@resource://devtools/client/inspector/rules/views/rule-editor.js:79:8\n_createEditors@resource://devtools/client/inspector/rules/rules.js:1279:23\n_populate/<@resource://devtools/client/inspector/rules/rules.js:1059:37\n", "resource://devtools/shared/protocol/Front.js", 98))
1605876465241	Marionette	INFO	Stopped listening on port 65435

###!!! [Child][RunMessage] Error: Channel closing: too late to send/recv, messages will be lost


###!!! [Child][MessageChannel::SendAndWait] Error: Channel error: cannot send/recv

1605876479457	geckodriver	INFO	Listening on 127.0.0.1:49212
1605876482518	mozrunner::runner	INFO	Running command: "C:\\Program Files\\Mozilla Firefox\\firefox.exe" "--marionette" "-foreground" "-no-remote" "-profile" "C:\\Users\\wt031\\AppData\\Local\\Temp\\rust_mozprofileRu7cEp"
Can't find symbol 'eglSwapBuffersWithDamageEXT'.
JavaScript error: resource://gre/modules/XULStore.jsm, line 66: Error: Can't find profile directory.
console.warn: SearchSettings: "get: No settings file exists, new profile?" (new Error("", "(unknown module)"))
1605876484763	Marionette	INFO	Listening on port 49220
1605876485193	Marionette	WARN	TLS certificate errors will be ignored for this session
JavaScript error: https://h5.waimai.meituan.com/waimai/mindex/home line 11 > injectedScript, line 53: TypeError: g is undefined
JavaScript error: , line 0: uncaught exception: undefined
JavaScript error: resource://gre/modules/XULStore.jsm, line 66: Error: Can't find profile directory.
JavaScript error: resource://gre/modules/XULStore.jsm, line 66: Error: Can't find profile directory.
Can't find symbol 'eglSwapBuffersWithDamageEXT'.
1605876526314	Marionette	INFO	Stopped listening on port 49220

###!!! [Child][RunMessage] Error: Channel closing: too late to send/recv, messages will be lost


###!!! [Child][MessageChannel::SendAndWait] Error: Channel error: cannot send/recv

1605876553270	geckodriver	INFO	Listening on 127.0.0.1:49354
1605876556338	mozrunner::runner	INFO	Running command: "C:\\Program Files\\Mozilla Firefox\\firefox.exe" "--marionette" "-foreground" "-no-remote" "-profile" "C:\\Users\\wt031\\AppData\\Local\\Temp\\rust_mozprofile5Ggzt9"
Can't find symbol 'eglSwapBuffersWithDamageEXT'.
JavaScript error: resource://gre/modules/XULStore.jsm, line 66: Error: Can't find profile directory.
console.warn: SearchSettings: "get: No settings file exists, new profile?" (new Error("", "(unknown module)"))
1605876558311	Marionette	INFO	Listening on port 49362
1605876558422	Marionette	WARN	TLS certificate errors will be ignored for this session
JavaScript error: https://h5.waimai.meituan.com/waimai/mindex/home line 11 > injectedScript, line 53: TypeError: g is undefined
JavaScript error: resource://gre/modules/XULStore.jsm, line 66: Error: Can't find profile directory.
JavaScript error: resource://gre/modules/XULStore.jsm, line 66: Error: Can't find profile directory.
Can't find symbol 'eglSwapBuffersWithDamageEXT'.
console.error: "Error writing request: getGrids"
JavaScript error: https://h5.waimai.meituan.com/waimai/mindex/home line 11 > injectedScript, line 53: TypeError: g is undefined
JavaScript error: , line 0: uncaught exception: undefined

###!!! [Child][MessageChannel] Error: (msgtype=0x59000A,name=PHttpChannel::Msg_DeletingChannel) Channel closing: too late to send/recv, messages will be lost

1605877028213	Marionette	INFO	Stopped listening on port 49362

###!!! [Child][RunMessage] Error: Channel closing: too late to send/recv, messages will be lost


###!!! [Child][MessageChannel::SendAndWait] Error: Channel error: cannot send/recv

Mozilla Firefox\\firefox.exe" "--marionette" "-foreground" "-no-remote" "-profile" "C:\\Users\\wt031\\AppData\\Local\\Temp\\rust_mozprofileZLJAvN"
Can't find symbol 'eglSwapBuffersWithDamageEXT'.
JavaScript error: resource://gre/modules/XULStore.jsm, line 66: Error: Can't find profile directory.
console.warn: SearchSettings: "get: No settings file exists, new profile?" (new Error("", "(unknown module)"))
1605876934597	Marionette	INFO	Listening on port 50219
1605876934990	Marionette	WARN	TLS certificate errors will be ignored for this session
JavaScript error: https://h5.waimai.meituan.com/waimai/mindex/home line 11 > injectedScript, line 53: TypeError: g is undefined
JavaScript error: , line 0: uncaught exception: undefined
JavaScript error: resource://gre/modules/XULStore.jsm, line 66: Error: Can't find profile directory.
JavaScript error: resource://gre/modules/XULStore.jsm, line 66: Error: Can't find profile directory.
Can't find symbol 'eglSwapBuffersWithDamageEXT'.
JavaScript error: https://h5.waimai.meituan.com/waimai/mindex/home line 11 > injectedScript, line 53: TypeError: g is undefined
JavaScript error: , line 0: uncaught exception: undefined
console.error: "Error writing request: getGrids"
1605877021102	geckodriver	INFO	Listening on 127.0.0.1:50405
1605877024178	mozrunner::runner	INFO	Running command: "C:\\Program Files\\Mozilla Firefox\\firefox.exe" "--marionette" "-foreground" "-no-remote" "-profile" "C:\\Users\\wt031\\AppData\\Local\\Temp\\rust_mozprofile7HSvrc"
Can't find symbol 'eglSwapBuffersWithDamageEXT'.
JavaScript error: resource://gre/modules/XULStore.jsm, line 66: Error: Can't find profile directory.
console.warn: SearchSettings: "get: No settings file exists, new profile?" (new Error("", "(unknown module)"))
1605877026711	Marionette	INFO	Listening on port 50413
1605877026854	Marionette	WARN	TLS certificate errors will be ignored for this session
JavaScript error: https://h5.waimai.meituan.com/waimai/mindex/home line 11 > injectedScript, line 53: TypeError: g is undefined
JavaScript error: , line 0: uncaught exception: undefined
JavaScript error: resource://gre/modules/XULStore.jsm, line 66: Error: Can't find profile directory.
JavaScript error: resource://gre/modules/XULStore.jsm, line 66: Error: Can't find profile directory.
Can't find symbol 'eglSwapBuffersWithDamageEXT'.

###!!! [Parent][RunMessage] Error: Channel closing: too late to send/recv, messages will be lost

JavaScript error: https://h5.waimai.meituan.com/waimai/mindex/home line 11 > injectedScript, line 53: TypeError: g is undefined
console.error: "Error writing request: getGrids"
1605877380140	Marionette	INFO	Stopped listening on port 50413

###!!! [Child][RunMessage] Error: Channel closing: too late to send/recv, messages will be lost


###!!! [Child][MessageChannel::SendAndWait] Error: Channel error: cannot send/recv

Temp\\rust_mozprofilexPfZrO"
Can't find symbol 'eglSwapBuffersWithDamageEXT'.
JavaScript error: resource://gre/modules/XULStore.jsm, line 66: Error: Can't find profile directory.
console.warn: SearchSettings: "get: No settings file exists, new profile?" (new Error("", "(unknown module)"))
1605877315624	Marionette	INFO	Listening on port 50720
1605877315892	Marionette	WARN	TLS certificate errors will be ignored for this session
JavaScript error: https://h5.waimai.meituan.com/waimai/mindex/home line 11 > injectedScript, line 53: TypeError: g is undefined
JavaScript error: resource://gre/modules/XULStore.jsm, line 66: Error: Can't find profile directory.
JavaScript error: resource://gre/modules/XULStore.jsm, line 66: Error: Can't find profile directory.
Can't find symbol 'eglSwapBuffersWithDamageEXT'.
JavaScript error: https://h5.waimai.meituan.com/waimai/mindex/home line 11 > injectedScript, line 53: TypeError: g is undefined
JavaScript error: , line 0: uncaught exception: undefined

###!!! [Parent][RunMessage] Error: Channel closing: too late to send/recv, messages will be lost

console.error: (new TypeError("container.node.targetFront is null", "resource://devtools/client/inspector/markup/markup.js", 2252))
1605877715356	Marionette	INFO	Stopped listening on port 50720

###!!! [Child][RunMessage] Error: Channel closing: too late to send/recv, messages will be lost


###!!! [Child][MessageChannel::SendAndWait] Error: Channel error: cannot send/recv

Temp\\rust_mozprofilerh1l6u"
Can't find symbol 'eglSwapBuffersWithDamageEXT'.
JavaScript error: resource://gre/modules/XULStore.jsm, line 66: Error: Can't find profile directory.
console.warn: SearchSettings: "get: No settings file exists, new profile?" (new Error("", "(unknown module)"))
1605877714368	Marionette	INFO	Listening on port 51106
1605877714902	Marionette	WARN	TLS certificate errors will be ignored for this session
JavaScript error: https://h5.waimai.meituan.com/waimai/mindex/home line 11 > injectedScript, line 53: TypeError: g is undefined
JavaScript error: , line 0: uncaught exception: undefined
JavaScript error: resource://gre/modules/XULStore.jsm, line 66: Error: Can't find profile directory.
JavaScript error: resource://gre/modules/XULStore.jsm, line 66: Error: Can't find profile directory.
Can't find symbol 'eglSwapBuffersWithDamageEXT'.
JavaScript error: https://h5.waimai.meituan.com/waimai/mindex/home line 11 > injectedScript, line 53: TypeError: g is undefined
JavaScript error: , line 0: uncaught exception: undefined

###!!! [Parent][RunMessage] Error: Channel closing: too late to send/recv, messages will be lost


###!!! [Parent][RunMessage] Error: Channel closing: too late to send/recv, messages will be lost


###!!! [Parent][RunMessage] Error: Channel closing: too late to send/recv, messages will be lost


###!!! [Parent][RunMessage] Error: Channel closing: too late to send/recv, messages will be lost

console.error: (new TypeError("parent is null", "resource://devtools/client/inspector/shared/style-change-tracker.js", 67))
TypeError: parent is null: canMutationImpactCurrentStyles@resource://devtools/client/inspector/shared/style-change-tracker.js:67:24
onMutations@resource://devtools/client/inspector/shared/style-change-tracker.js:84:41
_emit@resource://devtools/shared/event-emitter.js:226:34
emit@resource://devtools/shared/event-emitter.js:172:18
emit@resource://devtools/shared/event-emitter.js:324:18
getMutations@resource://devtools/client/fronts/walker.js:405:10

console.error: (new TypeError("container.node.targetFront is null", "resource://devtools/client/inspector/markup/markup.js", 2252))
console.error: (new TypeError("container.node.targetFront is null", "resource://devtools/client/inspector/markup/markup.js", 2252))
console.error: (new TypeError("container.node.targetFront is null", "resource://devtools/client/inspector/markup/markup.js", 2252))
console.error: (new TypeError("container.node.targetFront is null", "resource://devtools/client/inspector/markup/markup.js", 2252))
console.error: (new TypeError("container.node.targetFront is null", "resource://devtools/client/inspector/markup/markup.js", 2252))
console.error: (new TypeError("container.node.targetFront is null", "resource://devtools/client/inspector/markup/markup.js", 2252))
console.error: (new TypeError("container.node.targetFront is null", "resource://devtools/client/inspector/markup/markup.js", 2252))
console.error: (new TypeError("parent is null", "resource://devtools/client/inspector/shared/style-change-tracker.js", 67))
TypeError: parent is null: canMutationImpactCurrentStyles@resource://devtools/client/inspector/shared/style-change-tracker.js:67:24
onMutations@resource://devtools/client/inspector/shared/style-change-tracker.js:84:41
_emit@resource://devtools/shared/event-emitter.js:226:34
emit@resource://devtools/shared/event-emitter.js:172:18
emit@resource://devtools/shared/event-emitter.js:324:18
getMutations@resource://devtools/client/fronts/walker.js:405:10

console.error: (new TypeError("container.node.targetFront is null", "resource://devtools/client/inspector/markup/markup.js", 2252))
console.error: (new TypeError("container.node.targetFront is null", "resource://devtools/client/inspector/markup/markup.js", 2252))
console.error: (new TypeError("container.node.targetFront is null", "resource://devtools/client/inspector/markup/markup.js", 2252))
console.error: (new TypeError("container.node.targetFront is null", "resource://devtools/client/inspector/markup/markup.js", 2252))
console.error: (new TypeError("container.node.targetFront is null", "resource://devtools/client/inspector/markup/markup.js", 2252))
console.error: (new TypeError("container.node.targetFront is null", "resource://devtools/client/inspector/markup/markup.js", 2252))
console.error: (new TypeError("container.node.targetFront is null", "resource://devtools/client/inspector/markup/markup.js", 2252))
console.error: (new TypeError("container.node.targetFront is null", "resource://devtools/client/inspector/markup/markup.js", 2252))

###!!! [Parent][RunMessage] Error: Channel closing: too late to send/recv, messages will be lost


###!!! [Parent][RunMessage] Error: Channel closing: too late to send/recv, messages will be lost

1605878151605	Marionette	INFO	Stopped listening on port 51106

###!!! [Child][RunMessage] Error: Channel closing: too late to send/recv, messages will be lost


###!!! [Child][MessageChannel::SendAndWait] Error: Channel error: cannot send/recv

tings: "get: No settings file exists, new profile?" (new Error("", "(unknown module)"))
1605878149912	Marionette	INFO	Listening on port 51501
1605878150034	Marionette	WARN	TLS certificate errors will be ignored for this session
JavaScript error: https://h5.waimai.meituan.com/waimai/mindex/home line 11 > injectedScript, line 53: TypeError: g is undefined
JavaScript error: , line 0: uncaught exception: undefined
JavaScript error: resource://gre/modules/XULStore.jsm, line 66: Error: Can't find profile directory.
JavaScript error: resource://gre/modules/XULStore.jsm, line 66: Error: Can't find profile directory.
Can't find symbol 'eglSwapBuffersWithDamageEXT'.
JavaScript error: https://h5.waimai.meituan.com/waimai/mindex/home line 11 > injectedScript, line 53: TypeError: g is undefined
1605878386319	Marionette	INFO	Stopped listening on port 51501

###!!! [Child][RunMessage] Error: Channel closing: too late to send/recv, messages will be lost


###!!! [Child][MessageChannel::SendAndWait] Error: Channel error: cannot send/recv

Temp\\rust_mozprofile9by5Lu"
Can't find symbol 'eglSwapBuffersWithDamageEXT'.
JavaScript error: resource://gre/modules/XULStore.jsm, line 66: Error: Can't find profile directory.
console.warn: SearchSettings: "get: No settings file exists, new profile?" (new Error("", "(unknown module)"))
1605878370747	Marionette	INFO	Listening on port 51841
1605878370938	Marionette	WARN	TLS certificate errors will be ignored for this session
JavaScript error: https://h5.waimai.meituan.com/waimai/mindex/home line 11 > injectedScript, line 53: TypeError: g is undefined
JavaScript error: resource://gre/modules/XULStore.jsm, line 66: Error: Can't find profile directory.
JavaScript error: resource://gre/modules/XULStore.jsm, line 66: Error: Can't find profile directory.
Can't find symbol 'eglSwapBuffersWithDamageEXT'.
JavaScript error: https://h5.waimai.meituan.com/waimai/mindex/home line 11 > injectedScript, line 53: TypeError: g is undefined
[Parent 12484, Gecko_IOThread] WARNING: pipe error: 232: file /builds/worker/checkouts/gecko/ipc/chromium/src/chrome/common/ipc_channel_win.cc, line 545
[Parent 12484, Gecko_IOThread] WARNING: pipe error: 232: file /builds/worker/checkouts/gecko/ipc/chromium/src/chrome/common/ipc_channel_win.cc, line 545

###!!! [Parent][RunMessage] Error: Channel error: cannot send/recv


###!!! [Child][MessageChannel] Error: (msgtype=0x59000A,name=PHttpChannel::Msg_DeletingChannel) Channel closing: too late to send/recv, messages will be lost

1605878459901	Marionette	INFO	Stopped listening on port 51841

###!!! [Child][RunMessage] Error: Channel closing: too late to send/recv, messages will be lost


###!!! [Child][MessageChannel::SendAndWait] Error: Channel error: cannot send/recv

1605878462617	geckodriver	INFO	Listening on 127.0.0.1:52017
1605878465672	mozrunner::runner	INFO	Running command: "C:\\Program Files\\Mozilla Firefox\\firefox.exe" "--marionette" "-foreground" "-no-remote" "-profile" "C:\\Users\\wt031\\AppData\\Local\\Temp\\rust_mozprofile8bkaTB"
Can't find symbol 'eglSwapBuffersWithDamageEXT'.
JavaScript error: resource://gre/modules/XULStore.jsm, line 66: Error: Can't find profile directory.
console.warn: SearchSettings: "get: No settings file exists, new profile?" (new Error("", "(unknown module)"))
1605878468189	Marionette	INFO	Listening on port 52026
1605878468359	Marionette	WARN	TLS certificate errors will be ignored for this session
JavaScript error: https://h5.waimai.meituan.com/waimai/mindex/home line 11 > injectedScript, line 53: TypeError: g is undefined
JavaScript error: resource://gre/modules/XULStore.jsm, line 66: Error: Can't find profile directory.
JavaScript error: resource://gre/modules/XULStore.jsm, line 66: Error: Can't find profile directory.
Can't find symbol 'eglSwapBuffersWithDamageEXT'.
JavaScript error: https://h5.waimai.meituan.com/waimai/mindex/home line 11 > injectedScript, line 53: TypeError: g is undefined
JavaScript error: , line 0: uncaught exception: undefined

###!!! [Parent][RunMessage] Error: Channel closing: too late to send/recv, messages will be lost


###!!! [Parent][RunMessage] Error: Channel closing: too late to send/recv, messages will be lost


###!!! [Parent][RunMessage] Error: Channel closing: too late to send/recv, messages will be lost


###!!! [Parent][RunMessage] Error: Channel closing: too late to send/recv, messages will be lost


###!!! [Parent][RunMessage] Error: Channel closing: too late to send/recv, messages will be lost


###!!! [Parent][RunMessage] Error: Channel closing: too late to send/recv, messages will be lost

1605878672941	Marionette	INFO	Stopped listening on port 52021605878672961	mozrunner::runner	INFO	Running command: "C:\\Program Files\\Mozilla Firefox\\firefox.exe" 
###!!! [Child][MessageChannel::SendAndWait] Error: Channel error: cannot send/recv

Temp\\rust_mozprofileMHOwbA"
Can't find symbol 'eglSwapBuffersWithDamageEXT'.
JavaScript error: resource://gre/modules/XULStore.jsm, line 66: Error: Can't find profile directory.
console.warn: SearchSettings: "get: No settings file exists, new profile?" (new Error("", "(unknown module)"))
1605878676028	Marionette	INFO	Listening on port 52273
1605878676124	Marionette	WARN	TLS certificate errors will be ignored for this session
JavaScript error: https://h5.waimai.meituan.com/waimai/mindex/home line 11 > injectedScript, line 53: TypeError: g is undefined
JavaScript error: , line 0: uncaught exception: undefined
JavaScript error: resource://gre/modules/XULStore.jsm, line 66: Error: Can't find profile directory.
JavaScript error: resource://gre/modules/XULStore.jsm, line 66: Error: Can't find profile directory.
Can't find symbol 'eglSwapBuffersWithDamageEXT'.
JavaScript error: https://h5.waimai.meituan.com/waimai/mindex/home line 11 > injectedScript, line 53: TypeError: g is undefined
JavaScript error: , line 0: uncaught exception: undefined

###!!! [Parent][MessageChannel] Error: (msgtype=0x670008,name=PMessagePort::Msg___delete__) Channel closing: too late to send/recv, messages will be lost

[Parent 18196, Gecko_IOThread] WARNING: p
###!!! [Parent][RunMessage] Error: Channel closing: too late to send/recv, messages will be lost

ipe error: 232: file /builds/wo
###!!! [Parent][RunMessage] Error: Channel closing: too late to send/recv, messages will be lost

rker/checkouts/gecko/ipc/chromium/src/chrome/common/ipc_channel_win.cc, line 545
Can't find symbol 'eglSwapBuffersWithDamageEXT'.
JavaScript warning: https://www.bejson.com/static/bejson/js/indexCodeMirror.min.js, line 2: Script terminated by timeout at:
Hi@https://www.bejson.com/static/bejson/js/indexCodeMirror.min.js:2:11485
Wi@https://www.bejson.com/static/bejson/js/indexCodeMirror.min.js:2:12062
Gs/<@https://www.bejson.com/static/bejson/js/indexCodeMirror.min.js:4:5957

JavaScript warning: https://static.zhihu.com/heifetz/column.zswsdid.30c015ac489b6deb4d7c.js, line 1: WebGL context was lost.
JavaScript warning: https://static.zhihu.com/heifetz/column.zswsdid.30c015ac489b6deb4d7c.js, line 1: WebGL context was lost.
JavaScript warning: https://static.zhihu.com/heifetz/column.zswsdid.30c015ac489b6deb4d7c.js, line 1: WebGL context was lost.
JavaScript warning: https://static.zhihu.com/heifetz/column.zswsdid.30c015ac489b6deb4d7c.js, line 1: WebGL context was lost.
JavaScript error: https://link.zhihu.com/?target=https%3A//www.kaggle.com/, line 213: TypeError: showTipButton is null
Can't find symbol 'eglSwapBuffersWithDamageEXT'.
JavaScript error: , line 0: uncaught exception: no lang!
Can't find symbol 'eglSwapBuffersWithDamageEXT'.
JavaScript warning: https://g.alicdn.com/secdev/sufei_data/3.9.1/index.js, line 1: WebGL context was lost.
JavaScript warning: https://g.alicdn.com/??xlly/spl/rp.js,secdev/nsv/1.0.78/ns_e_88_3_n.js, line 5: WebGL context was lost.
JavaScript warning: https://g.alicdn.com/AWSC/et/1.62.1/et_n.js, line 4: WebGL context was lost.
JavaScript warning: https://g.alicdn.com/secdev/sufei_data/3.9.1/index.js, line 1: WebGL context was lost.
JavaScript warning: https://g.alicdn.com/AWSC/et/1.62.1/et_n.js, line 4: WebGL context was lost.
JavaScript warning: https://g.alicdn.com/??xlly/spl/rp.js,secdev/nsv/1.0.78/ns_e_88_3_n.js, line 5: WebGL context was lost.
JavaScript error: , line 0: uncaught exception: no lang!
Can't find symbol 'eglSwapBuffersWithDamageEXT'.
JavaScript warning: https://g.alicdn.com/secdev/sufei_data/3.9.1/index.js, line 1: WebGL context was lost.
JavaScript warning: https://g.alicdn.com/??xlly/spl/rp.js,secdev/nsv/1.0.78/ns_e_88_3_n.js, line 5: WebGL context was lost.
JavaScript warning: https://g.alicdn.com/secdev/sufei_data/3.9.1/index.js, line 1: WebGL context was lost.
JavaScript warning: https://g.alicdn.com/AWSC/et/1.62.1/et_n.js, line 4: WebGL context was lost.
JavaScript warning: https://g.alicdn.com/??xlly/spl/rp.js,secdev/nsv/1.0.78/ns_e_88_3_n.js, line 5: WebGL context was lost.
JavaScript warning: https://g.alicdn.com/AWSC/et/1.62.1/et_n.js, line 4: WebGL context was lost.
JavaScript warning: https://static.zhihu.com/heifetz/main.zswsdid.324e818cca9fa08ef5f5.js, line 1: WebGL context was lost.
JavaScript warning: https://static.zhihu.com/heifetz/main.zswsdid.324e818cca9fa08ef5f5.js, line 1: WebGL context was lost.
JavaScript warning: https://static.zhihu.com/heifetz/main.zswsdid.324e818cca9fa08ef5f5.js, line 1: WebGL context was lost.
JavaScript warning: https://static.zhihu.com/heifetz/main.zswsdid.324e818cca9fa08ef5f5.js, line 1: WebGL context was lost.
1605883350233	Marionette	INFO	Stopped listening on port 52273

###!!! [Child][RunMessage] Error: Channel closing: too late to send/recv, messages will be lost


###!!! [Child][MessageChannel::SendAndWait] Error: Channel error: cannot send/recv

